2014-06-28 11:11:36.982 HelloCordova[16415:70b] Multi-tasking -> Device: YES, App: YES
2014-06-28 11:11:37.125 HelloCordova[16415:70b] Unlimited access to network resources
2014-06-28 11:11:37.672 HelloCordova[16415:70b] [CDVTimer][keyboard] 0.108957ms
2014-06-28 11:11:37.673 HelloCordova[16415:70b] CDVPlugin class CDVStatusBar (pluginName: statusbar) does not exist.
2014-06-28 11:11:37.673 HelloCordova[16415:70b] [CDVTimer][statusbar] 0.572979ms
2014-06-28 11:11:37.674 HelloCordova[16415:70b] [CDVTimer][TotalPluginStartup] 1.868010ms
2014-06-28 11:11:38.128 HelloCordova[16415:70b] Resetting plugins due to page load.
2014-06-28 11:11:38.646 HelloCordova[16415:70b] Finished load of: file:///Users/ray/Library/Application%20Support/iPhone%20Simulator/7.1/Applications/A507EA7C-53B2-4384-8226-1030446DE675/HelloCordova.app/www/index.html
2014-06-28 11:11:38.757 HelloCordova[16415:70b] THREAD WARNING: ['Device'] took '13.814941' ms. Plugin should use a background thread.
2014-06-28 11:13:34.320 HelloCordova[16586:70b] Multi-tasking -> Device: YES, App: YES
2014-06-28 11:13:34.331 HelloCordova[16586:70b] Unlimited access to network resources
2014-06-28 11:13:34.355 HelloCordova[16586:70b] [CDVTimer][keyboard] 0.105977ms
2014-06-28 11:13:34.356 HelloCordova[16586:70b] CDVPlugin class CDVStatusBar (pluginName: statusbar) does not exist.
2014-06-28 11:13:34.356 HelloCordova[16586:70b] [CDVTimer][statusbar] 0.463009ms
2014-06-28 11:13:34.357 HelloCordova[16586:70b] [CDVTimer][TotalPluginStartup] 1.689017ms
2014-06-28 11:13:34.431 HelloCordova[16586:70b] Resetting plugins due to page load.
2014-06-28 11:13:34.601 HelloCordova[16586:70b] Finished load of: file:///Users/ray/Library/Application%20Support/iPhone%20Simulator/7.1/Applications/A507EA7C-53B2-4384-8226-1030446DE675/HelloCordova.app/www/index.html
Terminating in response to SpringBoard's termination.
2014-06-28 11:15:46.074 HelloCordova[16805:70b] Multi-tasking -> Device: YES, App: YES
2014-06-28 11:15:46.087 HelloCordova[16805:70b] Unlimited access to network resources
2014-06-28 11:15:46.114 HelloCordova[16805:70b] [CDVTimer][keyboard] 0.115991ms
2014-06-28 11:15:46.115 HelloCordova[16805:70b] CDVPlugin class CDVStatusBar (pluginName: statusbar) does not exist.
2014-06-28 11:15:46.116 HelloCordova[16805:70b] [CDVTimer][statusbar] 0.571012ms
2014-06-28 11:15:46.116 HelloCordova[16805:70b] [CDVTimer][TotalPluginStartup] 2.215981ms
2014-06-28 11:15:46.269 HelloCordova[16805:70b] Resetting plugins due to page load.
2014-06-28 11:15:46.637 HelloCordova[16805:70b] Finished load of: file:///Users/ray/Library/Application%20Support/iPhone%20Simulator/7.1/Applications/A507EA7C-53B2-4384-8226-1030446DE675/HelloCordova.app/www/index.html
2014-06-28 11:18:52.840 HelloCordova[17237:70b] Multi-tasking -> Device: YES, App: YES
2014-06-28 11:18:52.902 HelloCordova[17237:70b] Unlimited access to network resources
2014-06-28 11:18:53.686 HelloCordova[17237:70b] [CDVTimer][keyboard] 0.105023ms
2014-06-28 11:18:53.686 HelloCordova[17237:70b] CDVPlugin class CDVStatusBar (pluginName: statusbar) does not exist.
2014-06-28 11:18:53.687 HelloCordova[17237:70b] [CDVTimer][statusbar] 0.621021ms
2014-06-28 11:18:53.687 HelloCordova[17237:70b] [CDVTimer][TotalPluginStartup] 1.843989ms
2014-06-28 11:18:53.904 HelloCordova[17237:70b] Resetting plugins due to page load.
2014-06-28 11:18:54.296 HelloCordova[17237:70b] Finished load of: file:///Users/ray/Library/Application%20Support/iPhone%20Simulator/7.1/Applications/A507EA7C-53B2-4384-8226-1030446DE675/HelloCordova.app/www/index.html
2014-06-28 11:24:13.822 HelloCordova[18813:70b] Multi-tasking -> Device: YES, App: YES
2014-06-28 11:24:13.833 HelloCordova[18813:70b] Unlimited access to network resources
2014-06-28 11:24:13.860 HelloCordova[18813:70b] [CDVTimer][keyboard] 0.105977ms
2014-06-28 11:24:13.861 HelloCordova[18813:70b] CDVPlugin class CDVStatusBar (pluginName: statusbar) does not exist.
2014-06-28 11:24:13.861 HelloCordova[18813:70b] [CDVTimer][statusbar] 0.564992ms
2014-06-28 11:24:13.862 HelloCordova[18813:70b] [CDVTimer][TotalPluginStartup] 1.836002ms
2014-06-28 11:24:13.991 HelloCordova[18813:70b] Resetting plugins due to page load.
2014-06-28 11:24:14.283 HelloCordova[18813:70b] Finished load of: file:///Users/ray/Library/Application%20Support/iPhone%20Simulator/7.1/Applications/A507EA7C-53B2-4384-8226-1030446DE675/HelloCordova.app/www/index.html
2014-06-28 11:50:19.334 HelloCordova[19440:70b] Multi-tasking -> Device: YES, App: YES
2014-06-28 11:50:19.346 HelloCordova[19440:70b] Unlimited access to network resources
2014-06-28 11:50:19.372 HelloCordova[19440:70b] [CDVTimer][keyboard] 0.106990ms
2014-06-28 11:50:19.373 HelloCordova[19440:70b] CDVPlugin class CDVStatusBar (pluginName: statusbar) does not exist.
2014-06-28 11:50:19.374 HelloCordova[19440:70b] [CDVTimer][statusbar] 0.527024ms
2014-06-28 11:50:19.374 HelloCordova[19440:70b] [CDVTimer][TotalPluginStartup] 1.828969ms
2014-06-28 11:50:19.503 HelloCordova[19440:70b] Resetting plugins due to page load.
2014-06-28 11:50:19.694 HelloCordova[19440:70b] Finished load of: file:///Users/ray/Library/Application%20Support/iPhone%20Simulator/7.1/Applications/A507EA7C-53B2-4384-8226-1030446DE675/HelloCordova.app/www/index.html#/main
2014-06-28 11:50:48.124 HelloCordova[19645:70b] Multi-tasking -> Device: YES, App: YES
2014-06-28 11:50:48.639 HelloCordova[19645:70b] Unlimited access to network resources
2014-06-28 11:50:48.667 HelloCordova[19645:70b] [CDVTimer][keyboard] 0.124991ms
2014-06-28 11:50:48.668 HelloCordova[19645:70b] CDVPlugin class CDVStatusBar (pluginName: statusbar) does not exist.
2014-06-28 11:50:48.669 HelloCordova[19645:70b] [CDVTimer][statusbar] 0.595033ms
2014-06-28 11:50:48.669 HelloCordova[19645:70b] [CDVTimer][TotalPluginStartup] 2.058029ms
2014-06-28 11:50:48.825 HelloCordova[19645:70b] Resetting plugins due to page load.
2014-06-28 11:50:49.227 HelloCordova[19645:70b] Finished load of: file:///Users/ray/Library/Application%20Support/iPhone%20Simulator/7.1/Applications/A507EA7C-53B2-4384-8226-1030446DE675/HelloCordova.app/www/index.html#/main
